<?xml version="1.0" encoding="UTF-8"?>
<!-- Generated by org.testng.reporters.JUnitReportReporter -->
<testsuite hostname="Sagar-PC" failures="0" tests="3" name="TestNg.a2" time="0.010" errors="0" timestamp="2023-01-02T23:15:09 IST" skipped="0">
  <testcase classname="TestNg.a2" name="Test2" time="0.003"/>
  <system-out/>
  <testcase classname="TestNg.a2" name="Test1" time="0.004"/>
  <system-out/>
  <testcase classname="TestNg.a2" name="Test3" time="0.003"/>
  <system-out/>
</testsuite> <!-- TestNg.a2 -->
