<?xml version="1.0" encoding="UTF-8"?>
<!-- Generated by org.testng.reporters.JUnitReportReporter -->
<testsuite hostname="Sagar-PC" failures="0" tests="2" name="Crossbrowser.TestLogin1" time="8.957" errors="0" timestamp="2023-01-06T16:37:46 IST" skipped="0">
  <testcase classname="Crossbrowser.TestLogin1" name="verifyloginValid" time="5.566"/>
  <system-out/>
  <testcase classname="Crossbrowser.TestLogin1" name="verifyloginInvalid" time="3.391"/>
  <system-out/>
</testsuite> <!-- Crossbrowser.TestLogin1 -->
