<?xml version="1.0" encoding="UTF-8"?>
<!-- Generated by org.testng.reporters.JUnitReportReporter -->
<testsuite hostname="Sagar-PC" failures="0" tests="3" name="TestNg.a1" time="0.028" errors="0" timestamp="2022-12-30T22:38:22 IST" skipped="0">
  <testcase classname="TestNg.a1" name="m1" time="0.022"/>
  <system-out/>
  <testcase classname="TestNg.a1" name="m3" time="0.004"/>
  <system-out/>
  <testcase classname="TestNg.a1" name="m2" time="0.002"/>
  <system-out/>
</testsuite> <!-- TestNg.a1 -->
