<?xml version="1.0" encoding="UTF-8"?>
<!-- Generated by org.testng.reporters.JUnitReportReporter -->
<testsuite hostname="Sagar-PC" failures="0" tests="2" name="TestNg.a5" time="0.022" errors="0" timestamp="2023-01-02T23:39:04 IST" skipped="0">
  <testcase classname="TestNg.a5" name="Test2" time="0.003"/>
  <system-out/>
  <testcase classname="TestNg.a5" name="Test1" time="0.019"/>
  <system-out/>
</testsuite> <!-- TestNg.a5 -->
