<?xml version="1.0" encoding="UTF-8"?>
<!-- Generated by org.testng.reporters.JUnitReportReporter -->
<testsuite hostname="Sagar-PC" failures="0" tests="2" name="test_Demo.a2" time="10.274" errors="0" timestamp="2023-01-08T23:43:32 IST" skipped="0">
  <testcase classname="test_Demo.a2" name="testV" time="3.793"/>
  <system-out/>
  <testcase classname="test_Demo.a2" name="testN" time="6.481"/>
  <system-out/>
</testsuite> <!-- test_Demo.a2 -->
