<?xml version="1.0" encoding="UTF-8"?>
<!-- Generated by org.testng.reporters.JUnitReportReporter -->
<testsuite hostname="Sagar-PC" failures="0" tests="1" name="test_Demo.a1" time="0.000" errors="0" timestamp="2023-01-08T23:43:32 IST" skipped="0">
  <testcase classname="test_Demo.a1" name="test1" time="0.000"/>
  <system-out/>
</testsuite> <!-- test_Demo.a1 -->
