<?xml version="1.0" encoding="UTF-8"?>
<!-- Generated by org.testng.reporters.JUnitReportReporter -->
<testsuite hostname="Sagar-PC" failures="0" tests="1" name="practise_2.a6" time="0.003" errors="0" timestamp="2023-01-07T14:30:14 IST" skipped="0">
  <testcase classname="practise_2.a6" name="test1" time="0.003"/>
  <system-out/>
</testsuite> <!-- practise_2.a6 -->
