<?xml version="1.0" encoding="UTF-8"?>
<!-- Generated by org.testng.reporters.JUnitReportReporter -->
<testsuite hostname="Sagar-PC" failures="0" tests="4" name="test_Demo.a4" time="0.003" errors="0" timestamp="2023-01-08T23:43:32 IST" skipped="0">
  <testcase classname="test_Demo.a4" name="Test2" time="0.001"/>
  <system-out/>
  <testcase classname="test_Demo.a4" name="Test1" time="0.002"/>
  <system-out/>
  <testcase classname="test_Demo.a4" name="Test3" time="0.000"/>
  <system-out/>
  <testcase classname="test_Demo.a4" name="Test4" time="0.000"/>
  <system-out/>
</testsuite> <!-- test_Demo.a4 -->
