<?xml version="1.0" encoding="UTF-8"?>
<!-- Generated by org.testng.reporters.JUnitReportReporter -->
<testsuite hostname="Sagar-PC" failures="0" tests="4" name="TestNg.a3" time="13.393" errors="0" timestamp="2023-01-02T23:15:09 IST" skipped="0">
  <testcase classname="TestNg.a3" name="testb" time="4.841"/>
  <system-out/>
  <testcase classname="TestNg.a3" name="testz" time="2.857"/>
  <system-out/>
  <testcase classname="TestNg.a3" name="testy" time="2.875"/>
  <system-out/>
  <testcase classname="TestNg.a3" name="testx" time="2.820"/>
  <system-out/>
</testsuite> <!-- TestNg.a3 -->
